<?xml version="1.0" encoding="UTF-8"?>
<testsuite xmlns:xsi="http://www.w3.org/2001/XMLSchema-instance" xsi:noNamespaceSchemaLocation="https://maven.apache.org/surefire/maven-surefire-plugin/xsd/surefire-test-report.xsd" name="com.deloitte.UserprofileTest" time="18.67" tests="1" errors="1" skipped="0" failures="0">
  <properties>
[...]
</properties>
  <testcase name="validate_get_address" classname="com.deloitte.UserprofileTest" time="3.516">
    <error message="Parsed JSON [{&quot;name&quot;:&quot;Deloitte&quot;,&quot;city&quot;:&quot;Bangalore&quot;,&quot;pincode&quot;:637002}] doesn&apos;t match the JSON path [$[?(@.[&apos;customerName&apos;] == &apos;Deloitte&apos;)]]" type="java.lang.IllegalStateException">java.lang.IllegalStateException: Parsed JSON [{"name":"Deloitte","city":"Bangalore","pincode":637002}] doesn't match the JSON path [$[?(@.['customerName'] == 'Deloitte')]]
	at com.deloitte.UserprofileTest.validate_get_address(UserprofileTest.java:37)
</error>
    <system-out><![CDATA[16:01:44.318 [main] DEBUG org.springframework.test.context.junit4.SpringJUnit4ClassRunner - SpringJUnit4ClassRunner constructor called with [class com.deloitte.UserprofileTest]
16:01:44.342 [main] DEBUG org.springframework.test.context.BootstrapUtils - Instantiating CacheAwareContextLoaderDelegate from class [org.springframework.test.context.cache.DefaultCacheAwareContextLoaderDelegate]
16:01:44.382 [main] DEBUG org.springframework.test.context.BootstrapUtils - Instantiating BootstrapContext using constructor [public org.springframework.test.context.support.DefaultBootstrapContext(java.lang.Class,org.springframework.test.context.CacheAwareContextLoaderDelegate)]
16:01:44.500 [main] DEBUG org.springframework.test.context.BootstrapUtils - Instantiating TestContextBootstrapper for test class [com.deloitte.UserprofileTest] from class [org.springframework.boot.test.context.SpringBootTestContextBootstrapper]
16:01:44.603 [main] INFO org.springframework.boot.test.context.SpringBootTestContextBootstrapper - Neither @ContextConfiguration nor @ContextHierarchy found for test class [com.deloitte.UserprofileTest], using SpringBootContextLoader
16:01:44.620 [main] DEBUG org.springframework.test.context.support.AbstractContextLoader - Did not detect default resource location for test class [com.deloitte.UserprofileTest]: class path resource [com/deloitte/UserprofileTest-context.xml] does not exist
16:01:44.622 [main] DEBUG org.springframework.test.context.support.AbstractContextLoader - Did not detect default resource location for test class [com.deloitte.UserprofileTest]: class path resource [com/deloitte/UserprofileTestContext.groovy] does not exist
16:01:44.623 [main] INFO org.springframework.test.context.support.AbstractContextLoader - Could not detect default resource locations for test class [com.deloitte.UserprofileTest]: no resource found for suffixes {-context.xml, Context.groovy}.
16:01:45.042 [main] DEBUG org.springframework.test.context.support.ActiveProfilesUtils - Could not find an 'annotation declaring class' for annotation type [org.springframework.test.context.ActiveProfiles] and class [com.deloitte.UserprofileTest]
16:01:45.698 [main] DEBUG org.springframework.boot.test.context.SpringBootTestContextBootstrapper - @TestExecutionListeners is not present for class [com.deloitte.UserprofileTest]: using defaults.
16:01:45.700 [main] INFO org.springframework.boot.test.context.SpringBootTestContextBootstrapper - Loaded default TestExecutionListener class names from location [META-INF/spring.factories]: [org.springframework.boot.test.mock.mockito.MockitoTestExecutionListener, org.springframework.boot.test.mock.mockito.ResetMocksTestExecutionListener, org.springframework.boot.test.autoconfigure.restdocs.RestDocsTestExecutionListener, org.springframework.boot.test.autoconfigure.web.client.MockRestServiceServerResetTestExecutionListener, org.springframework.boot.test.autoconfigure.web.servlet.MockMvcPrintOnlyOnFailureTestExecutionListener, org.springframework.boot.test.autoconfigure.web.servlet.WebDriverTestExecutionListener, org.springframework.test.context.web.ServletTestExecutionListener, org.springframework.test.context.support.DirtiesContextBeforeModesTestExecutionListener, org.springframework.test.context.support.DependencyInjectionTestExecutionListener, org.springframework.test.context.support.DirtiesContextTestExecutionListener, org.springframework.test.context.transaction.TransactionalTestExecutionListener, org.springframework.test.context.jdbc.SqlScriptsTestExecutionListener, org.springframework.cloud.contract.stubrunner.provider.wiremock.StubRunnerWireMockTestExecutionListener, org.springframework.cloud.contract.wiremock.WireMockTestExecutionListener]
16:01:45.784 [main] INFO org.springframework.boot.test.context.SpringBootTestContextBootstrapper - Using TestExecutionListeners: [org.springframework.test.context.web.ServletTestExecutionListener@55183b20, org.springframework.test.context.support.DirtiesContextBeforeModesTestExecutionListener@4f83df68, org.springframework.boot.test.mock.mockito.MockitoTestExecutionListener@6cf0e0ba, org.springframework.boot.test.autoconfigure.SpringBootDependencyInjectionTestExecutionListener@7d8995e, org.springframework.test.context.support.DirtiesContextTestExecutionListener@130d63be, org.springframework.test.context.transaction.TransactionalTestExecutionListener@42a48628, org.springframework.test.context.jdbc.SqlScriptsTestExecutionListener@293a5bf6, org.springframework.boot.test.mock.mockito.ResetMocksTestExecutionListener@6aeb35e6, org.springframework.boot.test.autoconfigure.restdocs.RestDocsTestExecutionListener@1283bb96, org.springframework.boot.test.autoconfigure.web.client.MockRestServiceServerResetTestExecutionListener@74f0ea28, org.springframework.boot.test.autoconfigure.web.servlet.MockMvcPrintOnlyOnFailureTestExecutionListener@f6efaab, org.springframework.boot.test.autoconfigure.web.servlet.WebDriverTestExecutionListener@3c19aaa5, org.springframework.cloud.contract.stubrunner.provider.wiremock.StubRunnerWireMockTestExecutionListener@3349e9bb, org.springframework.cloud.contract.wiremock.WireMockTestExecutionListener@409bf450]
16:01:45.790 [main] DEBUG org.springframework.test.annotation.ProfileValueUtils - Retrieved @ProfileValueSourceConfiguration [null] for test class [com.deloitte.UserprofileTest]
16:01:45.793 [main] DEBUG org.springframework.test.annotation.ProfileValueUtils - Retrieved ProfileValueSource type [class org.springframework.test.annotation.SystemProfileValueSource] for class [com.deloitte.UserprofileTest]
16:01:45.798 [main] DEBUG org.springframework.test.annotation.ProfileValueUtils - Retrieved @ProfileValueSourceConfiguration [null] for test class [com.deloitte.UserprofileTest]
16:01:45.798 [main] DEBUG org.springframework.test.annotation.ProfileValueUtils - Retrieved ProfileValueSource type [class org.springframework.test.annotation.SystemProfileValueSource] for class [com.deloitte.UserprofileTest]
16:01:45.801 [main] DEBUG org.springframework.test.annotation.ProfileValueUtils - Retrieved @ProfileValueSourceConfiguration [null] for test class [com.deloitte.UserprofileTest]
16:01:45.802 [main] DEBUG org.springframework.test.annotation.ProfileValueUtils - Retrieved ProfileValueSource type [class org.springframework.test.annotation.SystemProfileValueSource] for class [com.deloitte.UserprofileTest]
16:01:45.819 [main] DEBUG org.springframework.test.context.support.AbstractDirtiesContextTestExecutionListener - Before test class: context [DefaultTestContext@55141def testClass = UserprofileTest, testInstance = [null], testMethod = [null], testException = [null], mergedContextConfiguration = [WebMergedContextConfiguration@55182842 testClass = UserprofileTest, locations = '{}', classes = '{class com.deloitte.UserProfile, class com.deloitte.UserProfile}', contextInitializerClasses = '[]', activeProfiles = '{}', propertySourceLocations = '{}', propertySourceProperties = '{org.springframework.boot.test.context.SpringBootTestContextBootstrapper=true}', contextCustomizers = set[org.springframework.boot.test.context.filter.ExcludeFilterContextCustomizer@b9afc07, org.springframework.boot.test.json.DuplicateJsonObjectContextCustomizerFactory$DuplicateJsonObjectContextCustomizer@80169cf, org.springframework.boot.test.mock.mockito.MockitoContextCustomizer@92cc0bb6, org.springframework.boot.test.web.client.TestRestTemplateContextCustomizer@588df31b, org.springframework.boot.test.autoconfigure.properties.PropertyMappingContextCustomizer@0, org.springframework.boot.test.autoconfigure.web.servlet.WebDriverContextCustomizerFactory$Customizer@11c20519], resourceBasePath = 'src/main/webapp', contextLoader = 'org.springframework.boot.test.context.SpringBootContextLoader', parent = [null]], attributes = map['org.springframework.test.context.web.ServletTestExecutionListener.activateListener' -> true]], class annotated with @DirtiesContext [false] with mode [null].
16:01:45.942 [main] DEBUG org.springframework.test.context.support.TestPropertySourceUtils - Adding inlined properties to environment: {spring.jmx.enabled=false, org.springframework.boot.test.context.SpringBootTestContextBootstrapper=true, server.port=-1}

  .   ____          _            __ _ _
 /\\ / ___'_ __ _ _(_)_ __  __ _ \ \ \ \
( ( )\___ | '_ | '_| | '_ \/ _` | \ \ \ \
 \\/  ___)| |_)| | | | | || (_| |  ) ) ) )
  '  |____| .__|_| |_|_| |_\__, | / / / /
 =========|_|==============|___/=/_/_/_/
 :: Spring Boot ::       (v2.1.10.RELEASE)

2022-04-22 16:01:48.061  INFO 20772 --- [           main] com.deloitte.UserprofileTest             : Starting UserprofileTest on USHYDHAASHOKKU3 with PID 20772 (started by haashokkumar in C:\Users\haashokkumar\Documents\GoldenHourSCC\user-profile)
2022-04-22 16:01:48.068  INFO 20772 --- [           main] com.deloitte.UserprofileTest             : No active profile set, falling back to default profiles: default
2022-04-22 16:01:56.464  INFO 20772 --- [           main] o.s.s.concurrent.ThreadPoolTaskExecutor  : Initializing ExecutorService 'applicationTaskExecutor'
2022-04-22 16:01:58.188  INFO 20772 --- [           main] com.deloitte.UserprofileTest             : Started UserprofileTest in 12.182 seconds (JVM running for 15.919)
IM here *********
2022-04-22 16:01:59.830  INFO 20772 --- [           main] o.s.mock.web.MockServletContext          : Initializing Spring TestDispatcherServlet ''
2022-04-22 16:01:59.831  INFO 20772 --- [           main] o.s.t.web.servlet.TestDispatcherServlet  : Initializing Servlet ''
2022-04-22 16:01:59.832  INFO 20772 --- [           main] o.s.t.web.servlet.TestDispatcherServlet  : Completed initialization in 1 ms
]]></system-out>
  </testcase>
</testsuite>